# JRE version: OpenJDK Runtime Environment (8.0_202-b03) (build 1.8.0_202-release-1483-b03)
# Java VM: OpenJDK 64-Bit Server VM (25.202-b03 mixed mode windows-amd64 compressed oops)
Heap:
 PSYoungGen      total 499712K, used 447741K [0x00000000e0000000, 0x00000000ffd80000, 0x0000000100000000)
  eden space 477696K, 91% used [0x00000000e0000000,0x00000000fa9c2408,0x00000000fd280000)
  from space 22016K, 55% used [0x00000000fd280000,0x00000000fde82aa8,0x00000000fe800000)
  to   space 20992K, 0% used [0x00000000fe900000,0x00000000fe900000,0x00000000ffd80000)
 ParOldGen       total 176128K, used 124872K [0x00000000a0000000, 0x00000000aac00000, 0x00000000e0000000)
  object space 176128K, 70% used [0x00000000a0000000,0x00000000a79f2200,0x00000000aac00000)
 Metaspace       used 92373K, capacity 96084K, committed 97624K, reserved 1134592K
  class space    used 12109K, capacity 12813K, committed 13184K, reserved 1048576K
GC Heap History (10 events):
Event: 83.433 GC heap before
{Heap before GC invocations=33 (full 4):
 PSYoungGen      total 447488K, used 421888K [0x00000000e0000000, 0x00000000fd080000, 0x0000000100000000)
  eden space 421888K, 100% used [0x00000000e0000000,0x00000000f9c00000,0x00000000f9c00000)
  from space 25600K, 0% used [0x00000000fb480000,0x00000000fb480000,0x00000000fcd80000)
  to   space 25088K, 0% used [0x00000000f9c00000,0x00000000f9c00000,0x00000000fb480000)
 ParOldGen       total 176128K, used 90910K [0x00000000a0000000, 0x00000000aac00000, 0x00000000e0000000)
  object space 176128K, 51% used [0x00000000a0000000,0x00000000a58c7bd0,0x00000000aac00000)
 Metaspace       used 88588K, capacity 91926K, committed 94168K, reserved 1130496K
  class space    used 11643K, capacity 12314K, committed 12800K, reserved 1048576K
Event: 83.463 GC heap after
Heap after GC invocations=33 (full 4):
 PSYoungGen      total 446976K, used 13644K [0x00000000e0000000, 0x00000000ffe80000, 0x0000000100000000)
  eden space 421888K, 0% used [0x00000000e0000000,0x00000000e0000000,0x00000000f9c00000)
  from space 25088K, 54% used [0x00000000f9c00000,0x00000000fa9533b8,0x00000000fb480000)
  to   space 24576K, 0% used [0x00000000fe680000,0x00000000fe680000,0x00000000ffe80000)
 ParOldGen       total 176128K, used 90918K [0x00000000a0000000, 0x00000000aac00000, 0x00000000e0000000)
  object space 176128K, 51% used [0x00000000a0000000,0x00000000a58c9bd0,0x00000000aac00000)
 Metaspace       used 88588K, capacity 91926K, committed 94168K, reserved 1130496K
  class space    used 11643K, capacity 12314K, committed 12800K, reserved 1048576K
}
Event: 84.695 GC heap before
{Heap before GC invocations=34 (full 4):
 PSYoungGen      total 446976K, used 435532K [0x00000000e0000000, 0x00000000ffe80000, 0x0000000100000000)
  eden space 421888K, 100% used [0x00000000e0000000,0x00000000f9c00000,0x00000000f9c00000)
  from space 25088K, 54% used [0x00000000f9c00000,0x00000000fa9533b8,0x00000000fb480000)
  to   space 24576K, 0% used [0x00000000fe680000,0x00000000fe680000,0x00000000ffe80000)
 ParOldGen       total 176128K, used 90918K [0x00000000a0000000, 0x00000000aac00000, 0x00000000e0000000)
  object space 176128K, 51% used [0x00000000a0000000,0x00000000a58c9bd0,0x00000000aac00000)
 Metaspace       used 88703K, capacity 92072K, committed 94168K, reserved 1130496K
  class space    used 11647K, capacity 12317K, committed 12800K, reserved 1048576K
Event: 84.716 GC heap after
Heap after GC invocations=34 (full 4):
 PSYoungGen      total 498176K, used 10752K [0x00000000e0000000, 0x00000000ffd80000, 0x0000000100000000)
  eden space 474624K, 0% used [0x00000000e0000000,0x00000000e0000000,0x00000000fcf80000)
  from space 23552K, 45% used [0x00000000fe680000,0x00000000ff100050,0x00000000ffd80000)
  to   space 23552K, 0% used [0x00000000fcf80000,0x00000000fcf80000,0x00000000fe680000)
 ParOldGen       total 176128K, used 102353K [0x00000000a0000000, 0x00000000aac00000, 0x00000000e0000000)
  object space 176128K, 58% used [0x00000000a0000000,0x00000000a63f4718,0x00000000aac00000)
 Metaspace       used 88703K, capacity 92072K, committed 94168K, reserved 1130496K
  class space    used 11647K, capacity 12317K, committed 12800K, reserved 1048576K
}
Event: 85.715 GC heap before
{Heap before GC invocations=35 (full 4):
 PSYoungGen      total 498176K, used 485376K [0x00000000e0000000, 0x00000000ffd80000, 0x0000000100000000)
  eden space 474624K, 100% used [0x00000000e0000000,0x00000000fcf80000,0x00000000fcf80000)
  from space 23552K, 45% used [0x00000000fe680000,0x00000000ff100050,0x00000000ffd80000)
  to   space 23552K, 0% used [0x00000000fcf80000,0x00000000fcf80000,0x00000000fe680000)
 ParOldGen       total 176128K, used 102353K [0x00000000a0000000, 0x00000000aac00000, 0x00000000e0000000)
  object space 176128K, 58% used [0x00000000a0000000,0x00000000a63f4718,0x00000000aac00000)
 Metaspace       used 88843K, capacity 92252K, committed 94424K, reserved 1130496K
  class space    used 11660K, capacity 12329K, committed 12800K, reserved 1048576K
Event: 85.745 GC heap after
Heap after GC invocations=35 (full 4):
 PSYoungGen      total 498176K, used 11230K [0x00000000e0000000, 0x00000000ffe00000, 0x0000000100000000)
  eden space 474624K, 0% used [0x00000000e0000000,0x00000000e0000000,0x00000000fcf80000)
  from space 23552K, 47% used [0x00000000fcf80000,0x00000000fda77b38,0x00000000fe680000)
  to   space 22528K, 0% used [0x00000000fe800000,0x00000000fe800000,0x00000000ffe00000)
 ParOldGen       total 176128K, used 108789K [0x00000000a0000000, 0x00000000aac00000, 0x00000000e0000000)
  object space 176128K, 61% used [0x00000000a0000000,0x00000000a6a3d738,0x00000000aac00000)
 Metaspace       used 88843K, capacity 92252K, committed 94424K, reserved 1130496K
  class space    used 11660K, capacity 12329K, committed 12800K, reserved 1048576K
}
Event: 88.003 GC heap before
{Heap before GC invocations=36 (full 4):
 PSYoungGen      total 498176K, used 485854K [0x00000000e0000000, 0x00000000ffe00000, 0x0000000100000000)
  eden space 474624K, 100% used [0x00000000e0000000,0x00000000fcf80000,0x00000000fcf80000)
  from space 23552K, 47% used [0x00000000fcf80000,0x00000000fda77b38,0x00000000fe680000)
  to   space 22528K, 0% used [0x00000000fe800000,0x00000000fe800000,0x00000000ffe00000)
 ParOldGen       total 176128K, used 108789K [0x00000000a0000000, 0x00000000aac00000, 0x00000000e0000000)
  object space 176128K, 61% used [0x00000000a0000000,0x00000000a6a3d738,0x00000000aac00000)
 Metaspace       used 89254K, capacity 92642K, committed 94680K, reserved 1130496K
  class space    used 11706K, capacity 12372K, committed 12800K, reserved 1048576K
Event: 88.026 GC heap after
Heap after GC invocations=36 (full 4):
 PSYoungGen      total 500224K, used 9897K [0x00000000e0000000, 0x00000000ffe00000, 0x0000000100000000)
  eden space 477696K, 0% used [0x00000000e0000000,0x00000000e0000000,0x00000000fd280000)
  from space 22528K, 43% used [0x00000000fe800000,0x00000000ff1aa618,0x00000000ffe00000)
  to   space 22016K, 0% used [0x00000000fd280000,0x00000000fd280000,0x00000000fe800000)
 ParOldGen       total 176128K, used 117588K [0x00000000a0000000, 0x00000000aac00000, 0x00000000e0000000)
  object space 176128K, 66% used [0x00000000a0000000,0x00000000a72d5040,0x00000000aac00000)
 Metaspace       used 89254K, capacity 92642K, committed 94680K, reserved 1130496K
  class space    used 11706K, capacity 12372K, committed 12800K, reserved 1048576K
}
Event: 90.817 GC heap before
{Heap before GC invocations=37 (full 4):
 PSYoungGen      total 500224K, used 487498K [0x00000000e0000000, 0x00000000ffe00000, 0x0000000100000000)
  eden space 477696K, 99% used [0x00000000e0000000,0x00000000fd2682c8,0x00000000fd280000)
  from space 22528K, 43% used [0x00000000fe800000,0x00000000ff1aa618,0x00000000ffe00000)
  to   space 22016K, 0% used [0x00000000fd280000,0x00000000fd280000,0x00000000fe800000)
 ParOldGen       total 176128K, used 117588K [0x00000000a0000000, 0x00000000aac00000, 0x00000000e0000000)
  object space 176128K, 66% used [0x00000000a0000000,0x00000000a72d5040,0x00000000aac00000)
 Metaspace       used 89458K, capacity 92856K, committed 94936K, reserved 1132544K
  class space    used 11727K, capacity 12377K, committed 12800K, reserved 1048576K
Event: 90.833 GC heap after
Heap after GC invocations=37 (full 4):
 PSYoungGen      total 499712K, used 12298K [0x00000000e0000000, 0x00000000ffd80000, 0x0000000100000000)
  eden space 477696K, 0% used [0x00000000e0000000,0x00000000e0000000,0x00000000fd280000)
  from space 22016K, 55% used [0x00000000fd280000,0x00000000fde82aa8,0x00000000fe800000)
  to   space 20992K, 0% used [0x00000000fe900000,0x00000000fe900000,0x00000000ffd80000)
 ParOldGen       total 176128K, used 124872K [0x00000000a0000000, 0x00000000aac00000, 0x00000000e0000000)
  object space 176128K, 70% used [0x00000000a0000000,0x00000000a79f2200,0x00000000aac00000)
 Metaspace       used 89458K, capacity 92856K, committed 94936K, reserved 1132544K
  class space    used 11727K, capacity 12377K, committed 12800K, reserved 1048576K
}

